1515061927406	geckodriver	INFO	geckodriver 0.19.1
1515061927418	geckodriver	INFO	Listening on 127.0.0.1:57434
1515061927749	mozrunner::runner	INFO	Running command: "/Applications/Firefox.app/Contents/MacOS/firefox-bin" "-marionette" "-profile" "/var/folders/rw/qkps828562db6qmpddyp5y4c0000gn/T/rust_mozprofile.9r0etH0WaCWI"
1515061928411	Marionette	INFO	Enabled via --marionette
2018-01-04 18:32:09.232 plugin-container[3443:859278] *** CFMessagePort: bootstrap_register(): failed 1100 (0x44c) 'Permission denied', port = 0xa13f, name = 'com.apple.tsm.portname'
See /usr/include/servers/bootstrap_defs.h for the error codes.
2018-01-04 18:32:09.540 plugin-container[3443:859278] *** CFMessagePort: bootstrap_register(): failed 1100 (0x44c) 'Permission denied', port = 0x1c2b, name = 'com.apple.coredrag'
See /usr/include/servers/bootstrap_defs.h for the error codes.
1515061929663	Marionette	INFO	Listening on port 57438
1515061930191	Marionette	WARN	TLS certificate errors will be ignored for this session
1515061930234	Marionette	DEBUG	Register listener.js for window 2147483649
1515061930243	Marionette	DEBUG	Received DOM event "beforeunload" for "about:blank"
1515061931872	Marionette	DEBUG	Received DOM event "pagehide" for "about:blank"
1515061931873	Marionette	DEBUG	Received DOM event "unload" for "about:blank"
1515061942928	Marionette	DEBUG	Received DOM event "DOMContentLoaded" for "https://www.python.org/"
1515061945483	Marionette	DEBUG	Received DOM event "pageshow" for "https://www.python.org/"
1515220441272	geckodriver	INFO	geckodriver 0.19.1
1515220441280	geckodriver	INFO	Listening on 127.0.0.1:50750
1515220441468	mozrunner::runner	INFO	Running command: "/Applications/Firefox.app/Contents/MacOS/firefox-bin" "-marionette" "-profile" "/var/folders/rw/qkps828562db6qmpddyp5y4c0000gn/T/rust_mozprofile.GHw0hrylpdgI"
1515220442497	Marionette	INFO	Enabled via --marionette
2018-01-06 14:34:03.498 plugin-container[6175:1230048] *** CFMessagePort: bootstrap_register(): failed 1100 (0x44c) 'Permission denied', port = 0xa143, name = 'com.apple.tsm.portname'
See /usr/include/servers/bootstrap_defs.h for the error codes.
2018-01-06 14:34:03.828 plugin-container[6175:1230048] *** CFMessagePort: bootstrap_register(): failed 1100 (0x44c) 'Permission denied', port = 0x1d2b, name = 'com.apple.coredrag'
See /usr/include/servers/bootstrap_defs.h for the error codes.
1515220444026	Marionette	INFO	Listening on port 50754
1515220445109	Marionette	WARN	TLS certificate errors will be ignored for this session
1515220445160	Marionette	DEBUG	Register listener.js for window 2147483649
1515220445172	Marionette	DEBUG	Received DOM event "beforeunload" for "about:blank"
1515220448772	Marionette	DEBUG	Received DOM event "pagehide" for "about:blank"
1515220448773	Marionette	DEBUG	Received DOM event "unload" for "about:blank"
1515220459613	Marionette	DEBUG	Received DOM event "DOMContentLoaded" for "https://www.python.org/"
1515220459659	Marionette	DEBUG	Received DOM event "pageshow" for "https://www.python.org/"
1515220571911	geckodriver	INFO	geckodriver 0.19.1
1515220571915	geckodriver	INFO	Listening on 127.0.0.1:51037
1515220572074	mozrunner::runner	INFO	Running command: "/Applications/Firefox.app/Contents/MacOS/firefox-bin" "-marionette" "-profile" "/var/folders/rw/qkps828562db6qmpddyp5y4c0000gn/T/rust_mozprofile.Ptm1q5QgaeeD"
1515220572515	Marionette	INFO	Enabled via --marionette
2018-01-06 14:36:13.236 plugin-container[6189:1233131] *** CFMessagePort: bootstrap_register(): failed 1100 (0x44c) 'Permission denied', port = 0xa143, name = 'com.apple.tsm.portname'
See /usr/include/servers/bootstrap_defs.h for the error codes.
2018-01-06 14:36:13.395 plugin-container[6189:1233131] *** CFMessagePort: bootstrap_register(): failed 1100 (0x44c) 'Permission denied', port = 0x1b2b, name = 'com.apple.coredrag'
See /usr/include/servers/bootstrap_defs.h for the error codes.
1515220573594	Marionette	INFO	Listening on port 51041
1515220574513	Marionette	WARN	TLS certificate errors will be ignored for this session
1515220574557	Marionette	DEBUG	Register listener.js for window 2147483649
1515220574567	Marionette	DEBUG	Received DOM event "beforeunload" for "about:blank"
1515220575318	Marionette	DEBUG	Received DOM event "pagehide" for "about:blank"
1515220575318	Marionette	DEBUG	Received DOM event "unload" for "about:blank"
JavaScript error: https://ss1.bdstatic.com/5eN1bjq8AAUYm2zgoY3K/r/www/cache/static/protocol/https/plugins/every_cookie_mac_82990d4.js, line 4: ReferenceError: c is not defined
1515220576031	Marionette	DEBUG	Received DOM event "DOMContentLoaded" for "https://www.baidu.com/"
1515220576365	Marionette	DEBUG	Received DOM event "pageshow" for "https://www.baidu.com/"
