2018-01-05 12:28:23,553 INFO o.a.j.u.JMeterUtils: Setting Locale to zh_CN
2018-01-05 12:28:23,566 INFO o.a.j.JMeter: Loading user properties from: /usr/local/Cellar/jmeter/3.3/libexec/bin/user.properties
2018-01-05 12:28:23,567 INFO o.a.j.JMeter: Loading system properties from: /usr/local/Cellar/jmeter/3.3/libexec/bin/system.properties
2018-01-05 12:28:23,574 INFO o.a.j.JMeter: Copyright (c) 1998-2017 The Apache Software Foundation
2018-01-05 12:28:23,574 INFO o.a.j.JMeter: Version 3.3 r1808647
2018-01-05 12:28:23,574 INFO o.a.j.JMeter: java.version=1.8.0_152
2018-01-05 12:28:23,574 INFO o.a.j.JMeter: java.vm.name=Java HotSpot(TM) 64-Bit Server VM
2018-01-05 12:28:23,575 INFO o.a.j.JMeter: os.name=Mac OS X
2018-01-05 12:28:23,575 INFO o.a.j.JMeter: os.arch=x86_64
2018-01-05 12:28:23,575 INFO o.a.j.JMeter: os.version=10.13.1
2018-01-05 12:28:23,575 INFO o.a.j.JMeter: file.encoding=UTF-8
2018-01-05 12:28:23,575 INFO o.a.j.JMeter: Max memory     =536870912
2018-01-05 12:28:23,575 INFO o.a.j.JMeter: Available Processors =4
2018-01-05 12:28:23,585 INFO o.a.j.JMeter: Default Locale=中文 (中国)
2018-01-05 12:28:23,585 INFO o.a.j.JMeter: JMeter  Locale=中文 (中国)
2018-01-05 12:28:23,585 INFO o.a.j.JMeter: JMeterHome=/usr/local/Cellar/jmeter/3.3/libexec
2018-01-05 12:28:23,586 INFO o.a.j.JMeter: user.dir  =/Users/xuxinya/Documents/person/selenium-test
2018-01-05 12:28:23,586 INFO o.a.j.JMeter: PWD       =/Users/xuxinya/Documents/person/selenium-test
2018-01-05 12:28:23,587 INFO o.a.j.JMeter: IP: 192.168.0.188 Name: xumingmingdeMacBook-Pro.local FullName: 192.168.0.188
2018-01-05 12:28:26,580 INFO o.a.j.g.a.LookAndFeelCommand: Using look and feel: com.apple.laf.AquaLookAndFeel [Mac OS X, System]
2018-01-05 12:28:26,593 INFO o.a.j.JMeter: Loaded icon properties from org/apache/jmeter/images/icon.properties
2018-01-05 12:28:27,249 INFO o.a.j.e.u.CompoundVariable: Note: Function class names must contain the string: '.functions.'
2018-01-05 12:28:27,249 INFO o.a.j.e.u.CompoundVariable: Note: Function class names must not contain the string: '.gui.'
2018-01-05 12:28:28,189 INFO o.a.j.g.u.MenuFactory: Skipping org.apache.jmeter.assertions.BSFAssertion
2018-01-05 12:28:28,935 INFO o.a.j.g.u.MenuFactory: Skipping org.apache.jmeter.extractor.BSFPostProcessor
2018-01-05 12:28:28,971 INFO o.a.j.g.u.MenuFactory: Skipping org.apache.jmeter.modifiers.BSFPreProcessor
2018-01-05 12:28:29,003 INFO o.a.j.p.h.s.HTTPSamplerBase: Parser for text/html is org.apache.jmeter.protocol.http.parser.LagartoBasedHtmlParser
2018-01-05 12:28:29,003 INFO o.a.j.p.h.s.HTTPSamplerBase: Parser for application/xhtml+xml is org.apache.jmeter.protocol.http.parser.LagartoBasedHtmlParser
2018-01-05 12:28:29,003 INFO o.a.j.p.h.s.HTTPSamplerBase: Parser for application/xml is org.apache.jmeter.protocol.http.parser.LagartoBasedHtmlParser
2018-01-05 12:28:29,004 INFO o.a.j.p.h.s.HTTPSamplerBase: Parser for text/xml is org.apache.jmeter.protocol.http.parser.LagartoBasedHtmlParser
2018-01-05 12:28:29,004 INFO o.a.j.p.h.s.HTTPSamplerBase: Parser for text/vnd.wap.wml is org.apache.jmeter.protocol.http.parser.RegexpHTMLParser
2018-01-05 12:28:29,004 INFO o.a.j.p.h.s.HTTPSamplerBase: Parser for text/css is org.apache.jmeter.protocol.http.parser.CssParser
2018-01-05 12:28:29,495 INFO o.a.j.e.KeyToolUtils: keytool found at 'keytool'
2018-01-05 12:28:29,496 INFO o.a.j.p.h.p.ProxyControl: HTTP(S) Test Script Recorder SSL Proxy will use keys that support embedded 3rd party resources in file /usr/local/Cellar/jmeter/3.3/libexec/bin/proxyserver.jks
2018-01-05 12:28:29,649 INFO o.a.j.g.u.MenuFactory: Skipping org.apache.jmeter.protocol.java.sampler.BSFSampler
2018-01-05 12:28:29,696 INFO o.a.j.s.FileServer: Default base='/Users/xuxinya/Documents/person/selenium-test'
2018-01-05 12:28:29,785 INFO o.a.j.g.u.MenuFactory: Skipping org.apache.jmeter.protocol.mongodb.config.MongoSourceElement
2018-01-05 12:28:29,785 INFO o.a.j.g.u.MenuFactory: Skipping org.apache.jmeter.protocol.mongodb.sampler.MongoScriptSampler
2018-01-05 12:28:29,914 INFO o.a.j.g.u.MenuFactory: Skipping org.apache.jmeter.timers.BSFTimer
2018-01-05 12:28:29,943 INFO o.a.j.g.u.MenuFactory: Skipping org.apache.jmeter.visualizers.BSFListener
2018-01-05 12:28:30,098 INFO o.a.j.s.SampleResult: Note: Sample TimeStamps are START times
2018-01-05 12:28:30,098 INFO o.a.j.s.SampleResult: sampleresult.default.encoding is set to ISO-8859-1
2018-01-05 12:28:30,098 INFO o.a.j.s.SampleResult: sampleresult.useNanoTime=true
2018-01-05 12:28:30,098 INFO o.a.j.s.SampleResult: sampleresult.nanoThreadSleep=5000
2018-01-05 12:30:05,321 INFO o.a.j.g.a.Load: Loading file: /Users/xuxinya/Downloads/消息管理后台.jmx
2018-01-05 12:30:05,321 INFO o.a.j.s.FileServer: Set new base='/Users/xuxinya/Downloads'
2018-01-05 12:30:05,521 INFO o.a.j.s.SaveService: Testplan (JMX) version: 2.2. Testlog (JTL) version: 2.2
2018-01-05 12:30:05,554 INFO o.a.j.s.SaveService: Using SaveService properties file encoding UTF-8
2018-01-05 12:30:05,555 INFO o.a.j.s.SaveService: Using SaveService properties version 3.2
2018-01-05 12:30:05,558 INFO o.a.j.s.SaveService: Loading file: /Users/xuxinya/Downloads/消息管理后台.jmx
2018-01-05 12:30:05,581 INFO o.a.j.p.h.c.CookieManager: Settings: Delete null: true Check: true Allow variable: true Save: false Prefix: COOKIE_
2018-01-05 12:30:05,584 INFO o.a.j.p.h.c.CacheManager: Will only cache the following methods: [GET]
2018-01-05 12:30:05,910 INFO o.a.j.s.FileServer: Set new base='/Users/xuxinya/Downloads'
2018-01-05 12:30:12,943 INFO o.a.j.e.StandardJMeterEngine: Running the test!
2018-01-05 12:30:12,946 INFO o.a.j.s.SampleEvent: List of sample_variables: []
2018-01-05 12:30:12,947 INFO o.a.j.s.SampleEvent: List of sample_variables: []
2018-01-05 12:30:12,994 INFO o.a.j.g.u.JMeterMenuBar: setRunning(true, *local*)
2018-01-05 12:30:13,202 INFO o.a.j.e.StandardJMeterEngine: Starting ThreadGroup: 1 : Thread Group
2018-01-05 12:30:13,203 INFO o.a.j.e.StandardJMeterEngine: Starting 1 threads for group Thread Group.
2018-01-05 12:30:13,203 INFO o.a.j.e.StandardJMeterEngine: Thread will continue on error
2018-01-05 12:30:13,204 INFO o.a.j.t.ThreadGroup: Starting thread group... number=1 threads=1 ramp-up=1 perThread=1000.0 delayedStart=false
2018-01-05 12:30:13,214 INFO o.a.j.t.ThreadGroup: Started thread group number 1
2018-01-05 12:30:13,215 INFO o.a.j.e.StandardJMeterEngine: All thread groups have been started
2018-01-05 12:30:13,234 INFO o.a.j.t.JMeterThread: Thread started: Thread Group 1-1
2018-01-05 12:30:13,257 INFO o.a.j.p.h.s.HTTPHCAbstractImpl: Local host = xumingmingdeMacBook-Pro.local
2018-01-05 12:30:13,265 INFO o.a.j.p.h.s.HTTPHC4Impl: HTTP request retry count = 0
2018-01-05 12:30:46,651 INFO o.a.j.g.a.Start: Stopping test
2018-01-05 12:30:46,674 INFO o.a.j.t.JMeterThread: Stopping: Thread Group 1-1
2018-01-05 12:30:46,675 WARN o.a.j.t.JMeterThread: The delay timer was interrupted - probably did not wait as long as intended.
2018-01-05 12:30:46,675 INFO o.a.j.t.JMeterThread: Thread finished: Thread Group 1-1
2018-01-05 12:30:46,676 INFO o.a.j.e.StandardJMeterEngine: Notifying test listeners of end of test
2018-01-05 12:30:46,678 INFO o.a.j.p.h.s.ResourcesDownloader: Creating ResourcesDownloader with keepalive_inseconds : 60
2018-01-05 12:30:46,702 INFO o.a.j.g.u.JMeterMenuBar: setRunning(false, *local*)
2018-01-05 12:30:48,152 INFO o.a.j.e.StandardJMeterEngine: Running the test!
2018-01-05 12:30:48,152 INFO o.a.j.s.SampleEvent: List of sample_variables: []
2018-01-05 12:30:48,164 INFO o.a.j.g.u.JMeterMenuBar: setRunning(true, *local*)
2018-01-05 12:30:48,308 INFO o.a.j.e.StandardJMeterEngine: Starting ThreadGroup: 1 : Thread Group
2018-01-05 12:30:48,308 INFO o.a.j.e.StandardJMeterEngine: Starting 1 threads for group Thread Group.
2018-01-05 12:30:48,308 INFO o.a.j.e.StandardJMeterEngine: Thread will continue on error
2018-01-05 12:30:48,308 INFO o.a.j.t.ThreadGroup: Starting thread group... number=1 threads=1 ramp-up=1 perThread=1000.0 delayedStart=false
2018-01-05 12:30:48,314 INFO o.a.j.t.ThreadGroup: Started thread group number 1
2018-01-05 12:30:48,314 INFO o.a.j.e.StandardJMeterEngine: All thread groups have been started
2018-01-05 12:30:48,318 INFO o.a.j.t.JMeterThread: Thread started: Thread Group 1-1
2018-01-05 12:32:31,008 INFO o.a.j.p.h.p.BaseParser: Created org.apache.jmeter.protocol.http.parser.LagartoBasedHtmlParser
2018-01-05 12:37:42,188 INFO o.a.j.t.JMeterThread: Thread is done: Thread Group 1-1
2018-01-05 12:37:42,198 INFO o.a.j.t.JMeterThread: Thread finished: Thread Group 1-1
2018-01-05 12:37:42,200 INFO o.a.j.e.StandardJMeterEngine: Notifying test listeners of end of test
2018-01-05 12:37:42,206 INFO o.a.j.g.u.JMeterMenuBar: setRunning(false, *local*)
